<?xml version="1.0" encoding="UTF-8" ?>
<testsuite tests="3" failures="0" name="com.niit.MYfirstbackend.ProductDAOTestCase" time="3.084" errors="0" skipped="2">
  <properties>
[...]
</properties>
  <testcase classname="com.niit.MYfirstbackend.ProductDAOTestCase" name="deleteProductTest" time="2.472">
    <skipped/>
    <system-out>DB Connected
Creating SessionFactory Bean
Hibernate Transaction Object Created
</system-out>
    <system-err>Sep 04, 2018 11:47:34 AM org.springframework.context.annotation.AnnotationConfigApplicationContext prepareRefresh
INFO: Refreshing org.springframework.context.annotation.AnnotationConfigApplicationContext@7cdbc5d3: startup date [Tue Sep 04 11:47:34 IST 2018]; root of context hierarchy
Sep 04, 2018 11:47:35 AM org.springframework.jdbc.datasource.DriverManagerDataSource setDriverClassName
INFO: Loaded JDBC driver: org.h2.Driver
Sep 04, 2018 11:47:35 AM org.hibernate.annotations.common.reflection.java.JavaReflectionManager &lt;clinit&gt;
INFO: HCANN000001: Hibernate Commons Annotations {4.0.4.Final}
Sep 04, 2018 11:47:35 AM org.hibernate.Version logVersion
INFO: HHH000412: Hibernate Core {4.3.5.Final}
Sep 04, 2018 11:47:35 AM org.hibernate.cfg.Environment &lt;clinit&gt;
INFO: HHH000206: hibernate.properties not found
Sep 04, 2018 11:47:35 AM org.hibernate.cfg.Environment buildBytecodeProvider
INFO: HHH000021: Bytecode provider name : javassist
Sep 04, 2018 11:47:35 AM org.hibernate.dialect.Dialect &lt;init&gt;
INFO: HHH000400: Using dialect: org.hibernate.dialect.H2Dialect
Sep 04, 2018 11:47:35 AM org.hibernate.engine.transaction.internal.TransactionFactoryInitiator initiateService
INFO: HHH000399: Using default transaction strategy (direct JDBC transactions)
Sep 04, 2018 11:47:35 AM org.hibernate.hql.internal.ast.ASTQueryTranslatorFactory &lt;init&gt;
INFO: HHH000397: Using ASTQueryTranslatorFactory
Sep 04, 2018 11:47:36 AM org.hibernate.tool.hbm2ddl.SchemaExport execute
INFO: HHH000227: Running hbm2ddl schema export
Sep 04, 2018 11:47:36 AM org.hibernate.tool.hbm2ddl.SchemaExport execute
INFO: HHH000230: Schema export complete
Sep 04, 2018 11:47:36 AM org.springframework.orm.hibernate4.HibernateTransactionManager afterPropertiesSet
INFO: Using DataSource [org.springframework.jdbc.datasource.DriverManagerDataSource@59474f18] of Hibernate SessionFactory for HibernateTransactionManager
</system-err>
  </testcase>
  <testcase classname="com.niit.MYfirstbackend.ProductDAOTestCase" name="addProductTest" time="0.306"/>
  <testcase classname="com.niit.MYfirstbackend.ProductDAOTestCase" name="listProductsTest" time="0.306">
    <skipped/>
  </testcase>
</testsuite>